2024-07-15 18:49:03,391 - __main__ - INFO - {'general': {'save_path': './example_output', 'model_path': 'stabilityai/stable-diffusion-xl-base-1.0', 'unet_config': './conf/unet/config.json', 'real_image_editing': False}, 'inference': {'loss_scale': 30, 'batch_size': 1, 'loss_threshold': 0.2, 'max_iter': 5, 'max_index_step': 10, 'timesteps': 51, 'classifier_free_guidance': 7.5, 'rand_seed': 445}, 'noise_schedule': {'beta_start': 0.00085, 'beta_end': 0.012, 'beta_schedule': 'scaled_linear', 'num_train_timesteps': 1000}, 'real_image_editing': {'dreambooth_path': '', 'text_inversion_path': '', 'placeholder_token': '<sks>'}}
2024-07-15 18:49:03,392 - __main__ - INFO - save config to ./example_output\config.yaml
2024-07-15 18:49:03,395 - __main__ - INFO - Inference
2024-07-15 18:49:03,395 - __main__ - INFO - Prompt: A hello kitty toy is playing with a purple ball.
2024-07-15 18:49:03,395 - __main__ - INFO - Phrases: hello kitty; ball
2024-07-15 18:49:03,395 - __main__ - INFO - Convert Phrases to Object Positions
2024-07-15 19:05:29,333 - __main__ - INFO - {'general': {'save_path': './example_output', 'model_path': 'stabilityai/stable-diffusion-xl-base-1.0', 'unet_config': './conf/unet/config.json', 'real_image_editing': False}, 'inference': {'loss_scale': 30, 'batch_size': 1, 'loss_threshold': 0.2, 'max_iter': 5, 'max_index_step': 10, 'timesteps': 51, 'classifier_free_guidance': 7.5, 'rand_seed': 445}, 'noise_schedule': {'beta_start': 0.00085, 'beta_end': 0.012, 'beta_schedule': 'scaled_linear', 'num_train_timesteps': 1000}, 'real_image_editing': {'dreambooth_path': '', 'text_inversion_path': '', 'placeholder_token': '<sks>'}}
2024-07-15 19:05:29,335 - __main__ - INFO - save config to ./example_output\config.yaml
2024-07-15 19:05:29,343 - __main__ - INFO - Inference
2024-07-15 19:05:29,343 - __main__ - INFO - Prompt: A hello kitty toy is playing with a purple ball.
2024-07-15 19:05:29,343 - __main__ - INFO - Phrases: hello kitty; ball
2024-07-15 19:05:29,343 - __main__ - INFO - Convert Phrases to Object Positions
2024-07-15 21:03:50,167 - __main__ - INFO - {'general': {'save_path': './example_output', 'model_path': 'stabilityai/stable-diffusion-xl-base-1.0', 'unet_config': './conf/unet/config.json', 'real_image_editing': False}, 'inference': {'loss_scale': 30, 'batch_size': 1, 'loss_threshold': 0.2, 'max_iter': 5, 'max_index_step': 10, 'timesteps': 51, 'classifier_free_guidance': 7.5, 'rand_seed': 445}, 'noise_schedule': {'beta_start': 0.00085, 'beta_end': 0.012, 'beta_schedule': 'scaled_linear', 'num_train_timesteps': 1000}, 'real_image_editing': {'dreambooth_path': '', 'text_inversion_path': '', 'placeholder_token': '<sks>'}}
2024-07-15 21:03:50,168 - __main__ - INFO - save config to ./example_output\config.yaml
2024-07-15 21:03:50,173 - __main__ - INFO - Inference
2024-07-15 21:03:50,173 - __main__ - INFO - Prompt: A hello kitty toy is playing with a purple ball.
2024-07-15 21:03:50,173 - __main__ - INFO - Phrases: hello kitty; ball
2024-07-15 21:03:50,173 - __main__ - INFO - Convert Phrases to Object Positions
2024-07-16 09:00:18,345 - __main__ - INFO - {'general': {'save_path': './example_output', 'model_path': 'stabilityai/stable-diffusion-xl-base-1.0', 'unet_config': './conf/unet/config.json', 'real_image_editing': False}, 'inference': {'loss_scale': 30, 'batch_size': 1, 'loss_threshold': 0.2, 'max_iter': 5, 'max_index_step': 10, 'timesteps': 51, 'classifier_free_guidance': 7.5, 'rand_seed': 445}, 'noise_schedule': {'beta_start': 0.00085, 'beta_end': 0.012, 'beta_schedule': 'scaled_linear', 'num_train_timesteps': 1000}, 'real_image_editing': {'dreambooth_path': '', 'text_inversion_path': '', 'placeholder_token': '<sks>'}}
2024-07-16 09:00:18,347 - __main__ - INFO - save config to ./example_output\config.yaml
2024-07-16 09:00:18,355 - __main__ - INFO - Inference
2024-07-16 09:00:18,355 - __main__ - INFO - Prompt: A hello kitty toy is playing with a purple ball.
2024-07-16 09:00:18,355 - __main__ - INFO - Phrases: hello kitty; ball
2024-07-16 09:00:18,355 - __main__ - INFO - Convert Phrases to Object Positions
2024-07-16 09:46:37,695 - __main__ - INFO - {'general': {'save_path': './example_output', 'model_path': 'stabilityai/stable-diffusion-xl-base-1.0', 'unet_config': './conf/unet/config.json', 'real_image_editing': False}, 'inference': {'loss_scale': 30, 'batch_size': 1, 'loss_threshold': 0.2, 'max_iter': 5, 'max_index_step': 10, 'timesteps': 51, 'classifier_free_guidance': 7.5, 'rand_seed': 445}, 'noise_schedule': {'beta_start': 0.00085, 'beta_end': 0.012, 'beta_schedule': 'scaled_linear', 'num_train_timesteps': 1000}, 'real_image_editing': {'dreambooth_path': '', 'text_inversion_path': '', 'placeholder_token': '<sks>'}}
2024-07-16 09:46:37,697 - __main__ - INFO - save config to ./example_output\config.yaml
2024-07-16 09:46:37,701 - __main__ - INFO - Inference
2024-07-16 09:46:37,702 - __main__ - INFO - Prompt: A hello kitty toy is playing with a purple ball.
2024-07-16 09:46:37,702 - __main__ - INFO - Phrases: hello kitty; ball
2024-07-16 09:46:37,702 - __main__ - INFO - Convert Phrases to Object Positions
2024-07-16 09:52:13,337 - __main__ - INFO - {'general': {'save_path': './example_output', 'model_path': 'stabilityai/stable-diffusion-xl-base-1.0', 'unet_config': './conf/unet/config.json', 'real_image_editing': False}, 'inference': {'loss_scale': 30, 'batch_size': 1, 'loss_threshold': 0.2, 'max_iter': 5, 'max_index_step': 10, 'timesteps': 51, 'classifier_free_guidance': 7.5, 'rand_seed': 445}, 'noise_schedule': {'beta_start': 0.00085, 'beta_end': 0.012, 'beta_schedule': 'scaled_linear', 'num_train_timesteps': 1000}, 'real_image_editing': {'dreambooth_path': '', 'text_inversion_path': '', 'placeholder_token': '<sks>'}}
2024-07-16 09:52:13,339 - __main__ - INFO - save config to ./example_output\config.yaml
2024-07-16 09:52:13,349 - __main__ - INFO - Inference
2024-07-16 09:52:13,349 - __main__ - INFO - Prompt: A hello kitty toy is playing with a purple ball.
2024-07-16 09:52:13,349 - __main__ - INFO - Phrases: hello kitty; ball
2024-07-16 09:52:13,349 - __main__ - INFO - Convert Phrases to Object Positions
2024-07-16 15:50:56,355 - __main__ - INFO - {'general': {'save_path': './example_output', 'model_path': 'stabilityai/stable-diffusion-xl-base-1.0', 'unet_config': './conf/unet/config.json', 'real_image_editing': False}, 'inference': {'loss_scale': 30, 'batch_size': 1, 'loss_threshold': 0.2, 'max_iter': 5, 'max_index_step': 10, 'timesteps': 51, 'classifier_free_guidance': 7.5, 'rand_seed': 445}, 'noise_schedule': {'beta_start': 0.00085, 'beta_end': 0.012, 'beta_schedule': 'scaled_linear', 'num_train_timesteps': 1000}, 'real_image_editing': {'dreambooth_path': '', 'text_inversion_path': '', 'placeholder_token': '<sks>'}}
2024-07-16 15:50:56,357 - __main__ - INFO - save config to ./example_output\config.yaml
2024-07-16 15:50:56,362 - __main__ - INFO - Inference
2024-07-16 15:50:56,362 - __main__ - INFO - Prompt: A hello kitty toy is playing with a purple ball.
2024-07-16 15:50:56,362 - __main__ - INFO - Phrases: hello kitty; ball
2024-07-16 15:50:56,362 - __main__ - INFO - Convert Phrases to Object Positions
2024-07-16 16:09:45,723 - __main__ - INFO - {'general': {'save_path': './example_output', 'model_path': 'stabilityai/stable-diffusion-xl-base-1.0', 'unet_config': './conf/unet/config.json', 'real_image_editing': False}, 'inference': {'loss_scale': 30, 'batch_size': 1, 'loss_threshold': 0.2, 'max_iter': 5, 'max_index_step': 10, 'timesteps': 51, 'classifier_free_guidance': 7.5, 'rand_seed': 445}, 'noise_schedule': {'beta_start': 0.00085, 'beta_end': 0.012, 'beta_schedule': 'scaled_linear', 'num_train_timesteps': 1000}, 'real_image_editing': {'dreambooth_path': '', 'text_inversion_path': '', 'placeholder_token': '<sks>'}}
2024-07-16 16:09:45,724 - __main__ - INFO - save config to ./example_output\config.yaml
2024-07-16 16:09:45,728 - __main__ - INFO - Inference
2024-07-16 16:09:45,728 - __main__ - INFO - Prompt: A hello kitty toy is playing with a purple ball.
2024-07-16 16:09:45,728 - __main__ - INFO - Phrases: hello kitty; ball
2024-07-16 16:09:45,729 - __main__ - INFO - Convert Phrases to Object Positions
2024-07-18 08:38:00,985 - __main__ - INFO - {'general': {'save_path': './example_output', 'model_path': 'stabilityai/stable-diffusion-xl-base-1.0', 'unet_config': './conf/unet/config.json', 'real_image_editing': False}, 'inference': {'loss_scale': 30, 'batch_size': 1, 'loss_threshold': 0.2, 'max_iter': 5, 'max_index_step': 10, 'timesteps': 51, 'classifier_free_guidance': 7.5, 'rand_seed': 445}, 'noise_schedule': {'beta_start': 0.00085, 'beta_end': 0.012, 'beta_schedule': 'scaled_linear', 'num_train_timesteps': 1000}, 'real_image_editing': {'dreambooth_path': '', 'text_inversion_path': '', 'placeholder_token': '<sks>'}}
2024-07-18 08:38:00,986 - __main__ - INFO - save config to ./example_output\config.yaml
2024-07-18 08:38:00,990 - __main__ - INFO - Inference
2024-07-18 08:38:00,990 - __main__ - INFO - Prompt: A hello kitty toy is playing with a purple ball.
2024-07-18 08:38:00,990 - __main__ - INFO - Phrases: hello kitty; ball
2024-07-18 08:38:00,990 - __main__ - INFO - Convert Phrases to Object Positions
2024-07-18 09:02:53,806 - __main__ - INFO - {'general': {'save_path': './example_output', 'model_path': 'stabilityai/stable-diffusion-xl-base-1.0', 'unet_config': './conf/unet/config.json', 'real_image_editing': False}, 'inference': {'loss_scale': 30, 'batch_size': 1, 'loss_threshold': 0.2, 'max_iter': 5, 'max_index_step': 10, 'timesteps': 51, 'classifier_free_guidance': 7.5, 'rand_seed': 445}, 'noise_schedule': {'beta_start': 0.00085, 'beta_end': 0.012, 'beta_schedule': 'scaled_linear', 'num_train_timesteps': 1000}, 'real_image_editing': {'dreambooth_path': '', 'text_inversion_path': '', 'placeholder_token': '<sks>'}}
2024-07-18 09:02:53,808 - __main__ - INFO - save config to ./example_output\config.yaml
2024-07-18 09:02:53,865 - __main__ - INFO - Inference
2024-07-18 09:02:53,865 - __main__ - INFO - Prompt: A hello kitty toy is playing with a purple ball.
2024-07-18 09:02:53,866 - __main__ - INFO - Phrases: hello kitty; ball
2024-07-18 09:02:53,866 - __main__ - INFO - Convert Phrases to Object Positions
2024-07-18 09:21:16,725 - __main__ - INFO - {'general': {'save_path': './example_output', 'model_path': 'stabilityai/stable-diffusion-xl-base-1.0', 'unet_config': './conf/unet/config.json', 'real_image_editing': False}, 'inference': {'loss_scale': 30, 'batch_size': 1, 'loss_threshold': 0.2, 'max_iter': 5, 'max_index_step': 10, 'timesteps': 51, 'classifier_free_guidance': 7.5, 'rand_seed': 445}, 'noise_schedule': {'beta_start': 0.00085, 'beta_end': 0.012, 'beta_schedule': 'scaled_linear', 'num_train_timesteps': 1000}, 'real_image_editing': {'dreambooth_path': '', 'text_inversion_path': '', 'placeholder_token': '<sks>'}}
2024-07-18 09:21:16,726 - __main__ - INFO - save config to ./example_output\config.yaml
2024-07-18 09:21:16,732 - __main__ - INFO - Inference
2024-07-18 09:21:16,732 - __main__ - INFO - Prompt: A hello kitty toy is playing with a purple ball.
2024-07-18 09:21:16,732 - __main__ - INFO - Phrases: hello kitty; ball
2024-07-18 09:21:16,732 - __main__ - INFO - Convert Phrases to Object Positions
2024-07-18 09:30:43,802 - __main__ - INFO - Decode Image...
2024-07-18 09:30:55,828 - __main__ - INFO - save example image to ./example_output\example_0.png
2024-07-18 09:45:23,099 - __main__ - INFO - {'general': {'save_path': './example_output', 'model_path': 'stabilityai/stable-diffusion-xl-base-1.0', 'unet_config': './conf/unet/config.json', 'real_image_editing': False}, 'inference': {'loss_scale': 30, 'batch_size': 1, 'loss_threshold': 0.2, 'max_iter': 5, 'max_index_step': 10, 'timesteps': 51, 'classifier_free_guidance': 7.5, 'rand_seed': 445}, 'noise_schedule': {'beta_start': 0.00085, 'beta_end': 0.012, 'beta_schedule': 'scaled_linear', 'num_train_timesteps': 1000}, 'real_image_editing': {'dreambooth_path': '', 'text_inversion_path': '', 'placeholder_token': '<sks>'}}
2024-07-18 09:45:23,099 - __main__ - INFO - save config to ./example_output\config.yaml
2024-07-18 09:45:23,109 - __main__ - INFO - Inference
2024-07-18 09:45:23,109 - __main__ - INFO - Prompt: A white Hello Kitty toy sitting on the floor, playing with a small purple ball near its feet.
2024-07-18 09:45:23,109 - __main__ - INFO - Phrases: hello kitty; ball
2024-07-18 09:45:23,109 - __main__ - INFO - Convert Phrases to Object Positions
2024-07-18 09:49:58,338 - __main__ - INFO - {'general': {'save_path': './example_output', 'model_path': 'stabilityai/stable-diffusion-xl-base-1.0', 'unet_config': './conf/unet/config.json', 'real_image_editing': False}, 'inference': {'loss_scale': 30, 'batch_size': 1, 'loss_threshold': 0.2, 'max_iter': 5, 'max_index_step': 10, 'timesteps': 51, 'classifier_free_guidance': 7.5, 'rand_seed': 445}, 'noise_schedule': {'beta_start': 0.00085, 'beta_end': 0.012, 'beta_schedule': 'scaled_linear', 'num_train_timesteps': 1000}, 'real_image_editing': {'dreambooth_path': '', 'text_inversion_path': '', 'placeholder_token': '<sks>'}}
2024-07-18 09:49:58,339 - __main__ - INFO - save config to ./example_output\config.yaml
2024-07-18 09:49:58,344 - __main__ - INFO - Inference
2024-07-18 09:49:58,344 - __main__ - INFO - Prompt: A white hello Kitty toy sitting on the floor, playing with a small purple ball near its feet.
2024-07-18 09:49:58,344 - __main__ - INFO - Phrases: hello kitty; ball
2024-07-18 09:49:58,344 - __main__ - INFO - Convert Phrases to Object Positions
2024-07-18 09:52:03,463 - __main__ - INFO - {'general': {'save_path': './example_output', 'model_path': 'stabilityai/stable-diffusion-xl-base-1.0', 'unet_config': './conf/unet/config.json', 'real_image_editing': False}, 'inference': {'loss_scale': 30, 'batch_size': 1, 'loss_threshold': 0.2, 'max_iter': 5, 'max_index_step': 10, 'timesteps': 51, 'classifier_free_guidance': 7.5, 'rand_seed': 445}, 'noise_schedule': {'beta_start': 0.00085, 'beta_end': 0.012, 'beta_schedule': 'scaled_linear', 'num_train_timesteps': 1000}, 'real_image_editing': {'dreambooth_path': '', 'text_inversion_path': '', 'placeholder_token': '<sks>'}}
2024-07-18 09:52:03,463 - __main__ - INFO - save config to ./example_output\config.yaml
2024-07-18 09:52:03,469 - __main__ - INFO - Inference
2024-07-18 09:52:03,469 - __main__ - INFO - Prompt: A white hello kitty toy sitting on the floor, playing with a small purple ball near its feet.
2024-07-18 09:52:03,469 - __main__ - INFO - Phrases: hello kitty; ball
2024-07-18 09:52:03,469 - __main__ - INFO - Convert Phrases to Object Positions
2024-07-18 10:03:57,649 - __main__ - INFO - Decode Image...
2024-07-18 10:04:09,297 - __main__ - INFO - save example image to ./example_output\example_0.png
